<?xml version="1.0" encoding="UTF-8"?>
<!-- Generated by org.testng.reporters.JUnitXMLReporter -->
<testsuite ignored="0" hostname="DESKTOP-7OT2PS6" failures="0" tests="6" name="Surefire test" time="21.858" errors="0" timestamp="2023-07-20T17:33:59 IST">
  <testcase classname="api.test.DDTest" name="testPostuser" time="7.112"/>
  <testcase classname="api.test.DDTest" name="testPostuser" time="2.141"/>
  <testcase classname="api.test.DDTest" name="testPostuser" time="1.573"/>
  <testcase classname="api.test.DDTest" name="DeleteAllUsers" time="2.227"/>
  <testcase classname="api.test.DDTest" name="DeleteAllUsers" time="1.74"/>
  <testcase classname="api.test.DDTest" name="DeleteAllUsers" time="1.516"/>
</testsuite> <!-- Surefire test -->
