<?xml version="1.0" encoding="UTF-8"?>
<!-- Generated by org.testng.reporters.JUnitXMLReporter -->
<testsuite ignored="0" hostname="DESKTOP-7OT2PS6" failures="0" tests="6" name="Default test" time="15.611" errors="0" timestamp="2023-07-17T16:30:12 IST">
  <testcase classname="api.test.DDTest" name="testPostuser" time="4.882"/>
  <testcase classname="api.test.DDTest" name="testPostuser" time="1.569"/>
  <testcase classname="api.test.DDTest" name="testPostuser" time="1.46"/>
  <testcase classname="api.test.DDTest" name="DeleteAllUsers" time="1.705"/>
  <testcase classname="api.test.DDTest" name="DeleteAllUsers" time="1.944"/>
  <testcase classname="api.test.DDTest" name="DeleteAllUsers" time="1.317"/>
</testsuite> <!-- Default test -->
