<?xml version="1.0" encoding="UTF-8"?>
<!-- Generated by org.testng.reporters.JUnitXMLReporter -->
<testsuite ignored="0" hostname="DESKTOP-7OT2PS6" failures="1" tests="4" name="Test" time="16.843" errors="0" timestamp="2023-07-19T17:07:45 IST">
  <testcase classname="api.test.UserTests2" name="postUser_TC" time="4.997"/>
  <testcase classname="api.test.UserTests2" name="readUserbyName" time="1.775"/>
  <testcase classname="api.test.UserTests2" name="UpdateDeatisOfUser" time="5.831"/>
  <testcase classname="api.test.UserTests2" name="DelterUserByNmae" time="2.391">
    <failure type="java.lang.AssertionError" message="expected [300] but found [200]">
      <![CDATA[java.lang.AssertionError: expected [300] but found [200]
at api.test.UserTests2.DelterUserByNmae(UserTests2.java:76)
at java.base/java.util.ArrayList.forEach(ArrayList.java:1511)
... Removed 32 stack frames]]>
    </failure>
  </testcase> <!-- DelterUserByNmae -->
</testsuite> <!-- Test -->
