<?xml version="1.0" encoding="UTF-8"?>
<testsuite xmlns:xsi="http://www.w3.org/2001/XMLSchema-instance" xsi:noNamespaceSchemaLocation="https://maven.apache.org/surefire/maven-surefire-plugin/xsd/surefire-test-report-3.0.xsd" version="3.0" name="TestSuite" time="26.736" tests="10" errors="0" skipped="0" failures="0">
  <properties>
[...]
</properties>
  <testcase name="testPostuser[1010, Amruta123, Amruta, Kulkarni, Amruta@gmail.com, test@123, 1234567890](1)" classname="api.test.DDTest" time="4.713"/>
  <testcase name="testPostuser[1020, Sonali123, Sonali, Urade, Sonali@gmail.com, test@123, 1234567890](2)" classname="api.test.DDTest" time="1.895"/>
  <testcase name="testPostuser[1030, Sonya123, Sonya, wagh, Sonya@gmail.com, test@123, 1234567890](3)" classname="api.test.DDTest" time="1.537"/>
  <testcase name="DeleteAllUsers[Amruta123](1)" classname="api.test.DDTest" time="2.011"/>
  <testcase name="DeleteAllUsers[Sonali123](2)" classname="api.test.DDTest" time="1.74"/>
  <testcase name="DeleteAllUsers[Sonya123](3)" classname="api.test.DDTest" time="1.741"/>
  <testcase name="postUser_TC" classname="api.test.UserTests" time="1.635">
    <system-out><![CDATA[HTTP/1.1 200 OK
Date: Wed, 19 Jul 2023 11:40:31 GMT
Content-Type: application/json
Transfer-Encoding: chunked
Connection: keep-alive
Access-Control-Allow-Origin: *
Access-Control-Allow-Methods: GET, POST, DELETE, PUT
Access-Control-Allow-Headers: Content-Type, api_key, Authorization
Server: Jetty(9.2.9.v20150224)

{
    "code": 200,
    "type": "unknown",
    "message": "70435057"
}
User created
]]></system-out>
  </testcase>
  <testcase name="readUserbyName" classname="api.test.UserTests" time="1.768">
    <system-out><![CDATA[2023-07-19 17:10:31 INFO  UserTests:49 - ***********Creating User************
HTTP/1.1 200 OK
Date: Wed, 19 Jul 2023 11:40:33 GMT
Content-Type: application/json
Transfer-Encoding: chunked
Connection: keep-alive
Access-Control-Allow-Origin: *
Access-Control-Allow-Methods: GET, POST, DELETE, PUT
Access-Control-Allow-Headers: Content-Type, api_key, Authorization
Server: Jetty(9.2.9.v20150224)

{
    "id": 70435057,
    "username": "florentino.towne",
    "firstName": "Sanora",
    "lastName": "Franecki",
    "email": "lindy.volkman@yahoo.com",
    "password": "2kwumo8fv3f31f",
    "phone": "1-737-823-1730",
    "userStatus": 0
}
User DetaILS fetched
]]></system-out>
  </testcase>
  <testcase name="UpdateDeatisOfUser" classname="api.test.UserTests" time="3.144">
    <system-out><![CDATA[2023-07-19 17:10:32 INFO  UserTests:58 - ***********Updating User************
HTTP/1.1 200 OK
Date: Wed, 19 Jul 2023 11:40:34 GMT
Content-Type: application/json
Transfer-Encoding: chunked
Connection: keep-alive
Access-Control-Allow-Origin: *
Access-Control-Allow-Methods: GET, POST, DELETE, PUT
Access-Control-Allow-Headers: Content-Type, api_key, Authorization
Server: Jetty(9.2.9.v20150224)

{
    "code": 200,
    "type": "unknown",
    "message": "70435057"
}
User updated
HTTP/1.1 200 OK
Date: Wed, 19 Jul 2023 11:40:36 GMT
Content-Type: application/json
Transfer-Encoding: chunked
Connection: keep-alive
Access-Control-Allow-Origin: *
Access-Control-Allow-Methods: GET, POST, DELETE, PUT
Access-Control-Allow-Headers: Content-Type, api_key, Authorization
Server: Jetty(9.2.9.v20150224)

{
    "id": 70435057,
    "username": "florentino.towne",
    "firstName": "Krystal",
    "lastName": "Olson",
    "email": "lindy.volkman@yahoo.com",
    "password": "2kwumo8fv3f31f",
    "phone": "1-737-823-1730",
    "userStatus": 0
}
]]></system-out>
  </testcase>
  <testcase name="DelterUserByNmae" classname="api.test.UserTests" time="1.661">
    <system-out><![CDATA[2023-07-19 17:10:36 INFO  UserTests:74 - ***********Delete User************
HTTP/1.1 200 OK
Date: Wed, 19 Jul 2023 11:40:37 GMT
Content-Type: application/json
Transfer-Encoding: chunked
Connection: keep-alive
Access-Control-Allow-Origin: *
Access-Control-Allow-Methods: GET, POST, DELETE, PUT
Access-Control-Allow-Headers: Content-Type, api_key, Authorization
Server: Jetty(9.2.9.v20150224)

{
    "code": 200,
    "type": "unknown",
    "message": "florentino.towne"
}
User Deleted
]]></system-out>
  </testcase>
</testsuite>