<?xml version="1.0" encoding="UTF-8"?>
<testng-results ignored="0" total="6" passed="6" failed="0" skipped="0">
  <reporter-output>
  </reporter-output>
  <suite started-at="2023-07-20T17:33:37 IST" name="Surefire suite" finished-at="2023-07-20T17:33:59 IST" duration-ms="21858">
    <groups>
    </groups>
    <test started-at="2023-07-20T17:33:37 IST" name="Surefire test" finished-at="2023-07-20T17:33:59 IST" duration-ms="21858">
      <class name="api.test.DDTest">
        <test-method signature="testPostuser(java.lang.String, java.lang.String, java.lang.String, java.lang.String, java.lang.String, java.lang.String, java.lang.String)[pri:1, instance:api.test.DDTest@71c8becc]" started-at="2023-07-20T17:33:43 IST" name="testPostuser" data-provider="Data" finished-at="2023-07-20T17:33:50 IST" duration-ms="7112" status="PASS">
          <params>
            <param index="0">
              <value>
                <![CDATA[1010]]>
              </value>
            </param>
            <param index="1">
              <value>
                <![CDATA[Amruta123]]>
              </value>
            </param>
            <param index="2">
              <value>
                <![CDATA[Amruta]]>
              </value>
            </param>
            <param index="3">
              <value>
                <![CDATA[Kulkarni]]>
              </value>
            </param>
            <param index="4">
              <value>
                <![CDATA[Amruta@gmail.com]]>
              </value>
            </param>
            <param index="5">
              <value>
                <![CDATA[test@123]]>
              </value>
            </param>
            <param index="6">
              <value>
                <![CDATA[1234567890]]>
              </value>
            </param>
          </params>
          <reporter-output>
          </reporter-output>
        </test-method> <!-- testPostuser -->
        <test-method signature="testPostuser(java.lang.String, java.lang.String, java.lang.String, java.lang.String, java.lang.String, java.lang.String, java.lang.String)[pri:1, instance:api.test.DDTest@71c8becc]" started-at="2023-07-20T17:33:50 IST" name="testPostuser" data-provider="Data" finished-at="2023-07-20T17:33:52 IST" duration-ms="2141" status="PASS">
          <params>
            <param index="0">
              <value>
                <![CDATA[1020]]>
              </value>
            </param>
            <param index="1">
              <value>
                <![CDATA[Sonali123]]>
              </value>
            </param>
            <param index="2">
              <value>
                <![CDATA[Sonali]]>
              </value>
            </param>
            <param index="3">
              <value>
                <![CDATA[Urade]]>
              </value>
            </param>
            <param index="4">
              <value>
                <![CDATA[Sonali@gmail.com]]>
              </value>
            </param>
            <param index="5">
              <value>
                <![CDATA[test@123]]>
              </value>
            </param>
            <param index="6">
              <value>
                <![CDATA[1234567890]]>
              </value>
            </param>
          </params>
          <reporter-output>
          </reporter-output>
        </test-method> <!-- testPostuser -->
        <test-method signature="testPostuser(java.lang.String, java.lang.String, java.lang.String, java.lang.String, java.lang.String, java.lang.String, java.lang.String)[pri:1, instance:api.test.DDTest@71c8becc]" started-at="2023-07-20T17:33:52 IST" name="testPostuser" data-provider="Data" finished-at="2023-07-20T17:33:54 IST" duration-ms="1573" status="PASS">
          <params>
            <param index="0">
              <value>
                <![CDATA[1030]]>
              </value>
            </param>
            <param index="1">
              <value>
                <![CDATA[Sonya123]]>
              </value>
            </param>
            <param index="2">
              <value>
                <![CDATA[Sonya]]>
              </value>
            </param>
            <param index="3">
              <value>
                <![CDATA[wagh]]>
              </value>
            </param>
            <param index="4">
              <value>
                <![CDATA[Sonya@gmail.com]]>
              </value>
            </param>
            <param index="5">
              <value>
                <![CDATA[test@123]]>
              </value>
            </param>
            <param index="6">
              <value>
                <![CDATA[1234567890]]>
              </value>
            </param>
          </params>
          <reporter-output>
          </reporter-output>
        </test-method> <!-- testPostuser -->
        <test-method signature="DeleteAllUsers(java.lang.String)[pri:2, instance:api.test.DDTest@71c8becc]" started-at="2023-07-20T17:33:54 IST" name="DeleteAllUsers" data-provider="UserNames" finished-at="2023-07-20T17:33:56 IST" duration-ms="2227" status="PASS">
          <params>
            <param index="0">
              <value>
                <![CDATA[Amruta123]]>
              </value>
            </param>
          </params>
          <reporter-output>
          </reporter-output>
        </test-method> <!-- DeleteAllUsers -->
        <test-method signature="DeleteAllUsers(java.lang.String)[pri:2, instance:api.test.DDTest@71c8becc]" started-at="2023-07-20T17:33:56 IST" name="DeleteAllUsers" data-provider="UserNames" finished-at="2023-07-20T17:33:58 IST" duration-ms="1740" status="PASS">
          <params>
            <param index="0">
              <value>
                <![CDATA[Sonali123]]>
              </value>
            </param>
          </params>
          <reporter-output>
          </reporter-output>
        </test-method> <!-- DeleteAllUsers -->
        <test-method signature="DeleteAllUsers(java.lang.String)[pri:2, instance:api.test.DDTest@71c8becc]" started-at="2023-07-20T17:33:58 IST" name="DeleteAllUsers" data-provider="UserNames" finished-at="2023-07-20T17:33:59 IST" duration-ms="1516" status="PASS">
          <params>
            <param index="0">
              <value>
                <![CDATA[Sonya123]]>
              </value>
            </param>
          </params>
          <reporter-output>
          </reporter-output>
        </test-method> <!-- DeleteAllUsers -->
      </class> <!-- api.test.DDTest -->
    </test> <!-- Surefire test -->
  </suite> <!-- Surefire suite -->
</testng-results>
